<?xml version="1.0" encoding="UTF-8"?>
<!-- Generated by org.testng.reporters.JUnitReportReporter -->
<testsuite hostname="Siddhesh-PC" failures="0" tests="10" name="testcases.ProductTests" time="7.510" errors="0" timestamp="2025-05-04T17:59:39 IST" skipped="0">
  <testcase classname="testcases.ProductTests" name="testGetAllProducts" time="2.145"/>
  <testcase classname="testcases.ProductTests" name="testGetSingleProductById" time="0.545"/>
  <testcase classname="testcases.ProductTests" name="testGetLimitedProducts" time="0.516"/>
  <testcase classname="testcases.ProductTests" name="testGetSortedProductsDesceding" time="0.536"/>
  <testcase classname="testcases.ProductTests" name="testGetSortedProductsAscending" time="0.523"/>
  <testcase classname="testcases.ProductTests" name="testGetAllCategories" time="0.510"/>
  <testcase classname="testcases.ProductTests" name="testProductsByCategory" time="0.757"/>
  <testcase classname="testcases.ProductTests" name="testAddNewProduct" time="0.863"/>
  <testcase classname="testcases.ProductTests" name="testUpdateProduct" time="0.506"/>
  <testcase classname="testcases.ProductTests" name="testDeleteProduct" time="0.609"/>
</testsuite> <!-- testcases.ProductTests -->
