<?xml version="1.0" encoding="UTF-8"?>
<!-- Generated by org.testng.reporters.JUnitReportReporter -->
<testsuite hostname="Siddhesh-PC" failures="0" tests="1" name="testcases.ProductTests" time="2.018" errors="0" timestamp="2025-04-30T22:42:11 IST" skipped="0">
  <testcase classname="testcases.ProductTests" name="testGetAllProducts" time="2.018"/>
</testsuite> <!-- testcases.ProductTests -->
