<?xml version="1.0" encoding="UTF-8"?>
<!-- Generated by org.testng.reporters.JUnitReportReporter -->
<testsuite hostname="Siddhesh-PC" failures="0" tests="1" name="testcases.ProductTests" time="1.474" errors="0" timestamp="2025-04-30T23:32:58 IST" skipped="0">
  <testcase classname="testcases.ProductTests" name="getSingleProductById" time="1.474"/>
</testsuite> <!-- testcases.ProductTests -->
